1590461743215	mozrunner::runner	INFO	Running command: "/usr/bin/firefox" "-marionette" "-foreground" "-no-remote" "-profile" "/tmp/rust_mozprofileXQEYna"
1590461748581	addons.webextension.screenshots@mozilla.org	WARN	Loading extension 'screenshots@mozilla.org': Reading manifest: Invalid extension permission: mozillaAddons
1590461748581	addons.webextension.screenshots@mozilla.org	WARN	Loading extension 'screenshots@mozilla.org': Reading manifest: Invalid extension permission: telemetry
1590461748582	addons.webextension.screenshots@mozilla.org	WARN	Loading extension 'screenshots@mozilla.org': Reading manifest: Invalid extension permission: resource://pdf.js/
1590461748583	addons.webextension.screenshots@mozilla.org	WARN	Loading extension 'screenshots@mozilla.org': Reading manifest: Invalid extension permission: about:reader*
JavaScript error: undefined, line 14: Error: An unexpected error occurred
JavaScript error: moz-extension://23491947-2390-4679-8c8f-52d6502885b3/lib/picture_in_picture_overrides.js, line 15: Error: Incorrect argument types for pictureInPictureParent.setOverrides.
JavaScript error: resource:///modules/sessionstore/SessionStore.jsm, line 1325: uncaught exception: 2147746065
1590461760380	Marionette	INFO	Listening on port 41269
1590461760506	Marionette	WARN	TLS certificate errors will be ignored for this session

(/usr/lib/firefox-esr/firefox-esr:30817): dconf-WARNING **: Unable to open /var/lib/flatpak/exports/share/dconf/profile/user: Permiso denegado
1590461844523	Marionette	INFO	Stopped listening on port 41269
1590464649034	mozrunner::runner	INFO	Running command: "/usr/bin/firefox" "-marionette" "-foreground" "-no-remote" "-profile" "/tmp/rust_mozprofileCcnznB"
1590464654095	addons.webextension.screenshots@mozilla.org	WARN	Loading extension 'screenshots@mozilla.org': Reading manifest: Invalid extension permission: mozillaAddons
1590464654096	addons.webextension.screenshots@mozilla.org	WARN	Loading extension 'screenshots@mozilla.org': Reading manifest: Invalid extension permission: telemetry
1590464654096	addons.webextension.screenshots@mozilla.org	WARN	Loading extension 'screenshots@mozilla.org': Reading manifest: Invalid extension permission: resource://pdf.js/
1590464654096	addons.webextension.screenshots@mozilla.org	WARN	Loading extension 'screenshots@mozilla.org': Reading manifest: Invalid extension permission: about:reader*
JavaScript error: undefined, line 14: Error: An unexpected error occurred
JavaScript error: moz-extension://a9b5d329-05f0-46b0-afa5-2e9604cec445/lib/picture_in_picture_overrides.js, line 15: Error: Incorrect argument types for pictureInPictureParent.setOverrides.
JavaScript error: resource:///modules/sessionstore/SessionStore.jsm, line 1325: uncaught exception: 2147746065
1590464665281	Marionette	INFO	Listening on port 44403
1590464665308	Marionette	WARN	TLS certificate errors will be ignored for this session
JavaScript error: https://b-ok.cc/resources/build/global.js?0.189, line 153: TypeError: response is undefined
JavaScript error: https://b-ok.cc/book/2311568/7fbe3a, line 177: TypeError: data is undefined

(/usr/lib/firefox-esr/firefox-esr:32030): dconf-WARNING **: Unable to open /var/lib/flatpak/exports/share/dconf/profile/user: Permiso denegado
1590466345096	Marionette	INFO	Stopped listening on port 44403
